{
  "RSpec": {
    "coverage": {
      "/Users/Morne/Dropbox/Development/Ruby/salar/bookmarks/spec/bookmark_spec.rb": {
        "lines": [
          1,
          null,
          1,
          null,
          1,
          null,
          1,
          1,
          1,
          null,
          1,
          1,
          1,
          null,
          null,
          1,
          1,
          1,
          null,
          null,
          null,
          null,
          null,
          null,
          null,
          null
        ]
      },
      "/Users/Morne/Dropbox/Development/Ruby/salar/bookmarks/spec/feature/bookmarks_page_spec.rb": {
        "lines": [
          1,
          1,
          null,
          1,
          1,
          1,
          null,
          1,
          null,
          1,
          1,
          1,
          null,
          null,
          1,
          1,
          1,
          1,
          1,
          1,
          null,
          null,
          null
        ]
      },
      "/Users/Morne/Dropbox/Development/Ruby/salar/bookmarks/spec/feature/simple_index_spec.rb": {
        "lines": [
          1,
          1,
          1,
          1,
          null,
          null
        ]
      }
    },
    "timestamp": 1611850296
  }
}
